19-04-2023 15:37:32.856 [Gauge] [INFO] Initializing concepts cache with 0 concepts
19-04-2023 15:37:32.872 [Gauge] [INFO] Initializing specs cache with 1 specs
19-04-2023 15:37:32.872 [Gauge] [DEBUG] Adding specs from C:\Users\testinium\IdeaProjects\HepsiBuradaTesting\specs\example.spec
19-04-2023 15:37:32.872 [Gauge] [INFO] Initializing steps cache with 1 steps
19-04-2023 15:37:32.873 [Gauge] [INFO] Gauge daemon initialized and listening on port: 55972
19-04-2023 15:37:32.874 [Gauge] [DEBUG] Watching directory: C:\Users\testinium\IdeaProjects\HepsiBuradaTesting\specs
19-04-2023 15:37:32.874 [Gauge] [DEBUG] Found 1 files
19-04-2023 15:37:33.232 [Gauge] [DEBUG] Api Request Received: messageType:GetLanguagePluginLibPathRequest  messageId:5  libPathRequest:{language:"java"}
19-04-2023 15:37:33.247 [Gauge] [DEBUG] Sending API response: messageType:GetLanguagePluginLibPathResponse  messageId:5  libPathResponse:{path:"C:\\Users\\testinium\\AppData\\Roaming\\gauge\\plugins\\java\\0.9.1\\libs"}
19-04-2023 15:39:44.929 [Gauge] [DEBUG] Watching directory: C:\Users\testinium\IdeaProjects\HepsiBuradaTesting\specs\Concepts
19-04-2023 15:39:44.929 [Gauge] [DEBUG] Found 0 files
19-04-2023 15:39:54.494 [Gauge] [DEBUG] Concept file added / modified: C:\Users\testinium\IdeaProjects\HepsiBuradaTesting\specs\Concepts\AddToBasket.cpt
19-04-2023 15:40:02.987 [Gauge] [DEBUG] Api Request Received: messageType:GetStepValueRequest  messageId:4  stepValueRequest:{stepText:"\"SepeteEkleButon\" <xpath> xpath'li element gorunur olana kadar bekle"}
19-04-2023 15:40:02.988 [Gauge] [DEBUG] Sending API response: messageType:GetStepValueResponse  messageId:4  stepValueResponse:{stepValue:{stepValue:"{} {} xpath'li element gorunur olana kadar bekle"  parameterizedStepValue:"<SepeteEkleButon> <xpath> xpath'li element gorunur olana kadar bekle"  parameters:"SepeteEkleButon"  parameters:"xpath"}}
19-04-2023 15:40:03.032 [Gauge] [DEBUG] Api Request Received: messageType:GetStepValueRequest  messageId:4  stepValueRequest:{stepText:"Go to Gauge Get Started Page"}
19-04-2023 15:40:03.032 [Gauge] [DEBUG] Sending API response: messageType:GetStepValueResponse  messageId:4  stepValueResponse:{stepValue:{stepValue:"Go to Gauge Get Started Page"  parameterizedStepValue:"Go to Gauge Get Started Page"}}
19-04-2023 15:40:03.033 [Gauge] [DEBUG] Api Request Received: messageType:GetStepValueRequest  messageId:4  stepValueRequest:{stepText:"Ensure installation instructions are available"}
19-04-2023 15:40:03.033 [Gauge] [DEBUG] Sending API response: messageType:GetStepValueResponse  messageId:4  stepValueResponse:{stepValue:{stepValue:"Ensure installation instructions are available"  parameterizedStepValue:"Ensure installation instructions are available"}}
19-04-2023 15:40:03.042 [Gauge] [DEBUG] Api Request Received: messageType:GetStepValueRequest  messageId:4  stepValueRequest:{stepText:"Open the Gauge homepage"}
19-04-2023 15:40:03.043 [Gauge] [DEBUG] Sending API response: messageType:GetStepValueResponse  messageId:4  stepValueResponse:{stepValue:{stepValue:"Open the Gauge homepage"  parameterizedStepValue:"Open the Gauge homepage"}}
19-04-2023 15:40:03.284 [Gauge] [DEBUG] Api Request Received: messageType:GetStepValueRequest  messageId:4  stepValueRequest:{stepText:"Favorilerime eklenen ürünler sepete eklenir"}
19-04-2023 15:40:03.284 [Gauge] [DEBUG] Sending API response: messageType:GetStepValueResponse  messageId:4  stepValueResponse:{stepValue:{stepValue:"Favorilerime eklenen ürünler sepete eklenir"  parameterizedStepValue:"Favorilerime eklenen ürünler sepete eklenir"}}
19-04-2023 15:40:03.286 [Gauge] [DEBUG] Api Request Received: messageType:GetStepValueRequest  messageId:4  stepValueRequest:{stepText:"Bir adet ürün sepetten silinir"}
19-04-2023 15:40:03.287 [Gauge] [DEBUG] Sending API response: messageType:GetStepValueResponse  messageId:4  stepValueResponse:{stepValue:{stepValue:"Bir adet ürün sepetten silinir"  parameterizedStepValue:"Bir adet ürün sepetten silinir"}}
19-04-2023 15:40:03.287 [Gauge] [DEBUG] Api Request Received: messageType:GetStepValueRequest  messageId:4  stepValueRequest:{stepText:"Odeme kısmına gidilir"}
19-04-2023 15:40:03.287 [Gauge] [DEBUG] Sending API response: messageType:GetStepValueResponse  messageId:4  stepValueResponse:{stepValue:{stepValue:"Odeme kısmına gidilir"  parameterizedStepValue:"Odeme kısmına gidilir"}}
19-04-2023 15:40:03.288 [Gauge] [DEBUG] Api Request Received: messageType:GetStepValueRequest  messageId:4  stepValueRequest:{stepText:"\"SepeteEkleButon\" <element> xpath'li elemente tikla"}
19-04-2023 15:40:03.289 [Gauge] [DEBUG] Sending API response: messageType:GetStepValueResponse  messageId:4  stepValueResponse:{stepValue:{stepValue:"{} {} xpath'li elemente tikla"  parameterizedStepValue:"<SepeteEkleButon> <element> xpath'li elemente tikla"  parameters:"SepeteEkleButon"  parameters:"element"}}
19-04-2023 15:40:03.430 [Gauge] [DEBUG] Api Request Received: messageType:GetStepValueRequest  messageId:4  stepValueRequest:{stepText:"\"AlınmayacakUrunSepeteEkle\" <xpath> xpath'li element gorunur olana kadar bekle"}
19-04-2023 15:40:03.431 [Gauge] [DEBUG] Sending API response: messageType:GetStepValueResponse  messageId:4  stepValueResponse:{stepValue:{stepValue:"{} {} xpath'li element gorunur olana kadar bekle"  parameterizedStepValue:"<AlınmayacakUrunSepeteEkle> <xpath> xpath'li element gorunur olana kadar bekle"  parameters:"AlınmayacakUrunSepeteEkle"  parameters:"xpath"}}
19-04-2023 15:40:03.561 [Gauge] [DEBUG] Api Request Received: messageType:GetStepValueRequest  messageId:4  stepValueRequest:{stepText:"\"AlınmayacakUrunSepeteEkle\" <element> xpath'li elemente tikla"}
19-04-2023 15:40:03.563 [Gauge] [DEBUG] Sending API response: messageType:GetStepValueResponse  messageId:4  stepValueResponse:{stepValue:{stepValue:"{} {} xpath'li elemente tikla"  parameterizedStepValue:"<AlınmayacakUrunSepeteEkle> <element> xpath'li elemente tikla"  parameters:"AlınmayacakUrunSepeteEkle"  parameters:"element"}}
19-04-2023 15:40:03.708 [Gauge] [DEBUG] Api Request Received: messageType:GetStepValueRequest  messageId:4  stepValueRequest:{stepText:"\"SepetimButon\" <xpath> xpath'li element gorunur olana kadar bekle"}
19-04-2023 15:40:03.708 [Gauge] [DEBUG] Sending API response: messageType:GetStepValueResponse  messageId:4  stepValueResponse:{stepValue:{stepValue:"{} {} xpath'li element gorunur olana kadar bekle"  parameterizedStepValue:"<SepetimButon> <xpath> xpath'li element gorunur olana kadar bekle"  parameters:"SepetimButon"  parameters:"xpath"}}
19-04-2023 15:40:03.899 [Gauge] [DEBUG] Api Request Received: messageType:GetStepValueRequest  messageId:4  stepValueRequest:{stepText:"\"SepetimButon\" <element> xpath'li elemente tikla"}
19-04-2023 15:40:03.899 [Gauge] [DEBUG] Sending API response: messageType:GetStepValueResponse  messageId:4  stepValueResponse:{stepValue:{stepValue:"{} {} xpath'li elemente tikla"  parameterizedStepValue:"<SepetimButon> <element> xpath'li elemente tikla"  parameters:"SepetimButon"  parameters:"element"}}
19-04-2023 15:40:04.378 [Gauge] [DEBUG] Api Request Received: messageType:GetStepValueRequest  messageId:4  stepValueRequest:{stepText:"\"AlınmayacakUrunSepettenSilme\" <xpath> xpath'li element gorunur olana kadar bekle"}
19-04-2023 15:40:04.378 [Gauge] [DEBUG] Sending API response: messageType:GetStepValueResponse  messageId:4  stepValueResponse:{stepValue:{stepValue:"{} {} xpath'li element gorunur olana kadar bekle"  parameterizedStepValue:"<AlınmayacakUrunSepettenSilme> <xpath> xpath'li element gorunur olana kadar bekle"  parameters:"AlınmayacakUrunSepettenSilme"  parameters:"xpath"}}
19-04-2023 15:40:04.520 [Gauge] [DEBUG] Api Request Received: messageType:GetStepValueRequest  messageId:4  stepValueRequest:{stepText:"\"AlınmayacakUrunSepettenSilme\" <element> xpath'li elemente tikla"}
19-04-2023 15:40:04.521 [Gauge] [DEBUG] Sending API response: messageType:GetStepValueResponse  messageId:4  stepValueResponse:{stepValue:{stepValue:"{} {} xpath'li elemente tikla"  parameterizedStepValue:"<AlınmayacakUrunSepettenSilme> <element> xpath'li elemente tikla"  parameters:"AlınmayacakUrunSepettenSilme"  parameters:"element"}}
19-04-2023 15:40:04.696 [Gauge] [DEBUG] Api Request Received: messageType:GetStepValueRequest  messageId:4  stepValueRequest:{stepText:"\"AlisverisiTamamlaButon\" <xpath> xpath'li element gorunur olana kadar bekle"}
19-04-2023 15:40:04.696 [Gauge] [DEBUG] Sending API response: messageType:GetStepValueResponse  messageId:4  stepValueResponse:{stepValue:{stepValue:"{} {} xpath'li element gorunur olana kadar bekle"  parameterizedStepValue:"<AlisverisiTamamlaButon> <xpath> xpath'li element gorunur olana kadar bekle"  parameters:"AlisverisiTamamlaButon"  parameters:"xpath"}}
19-04-2023 15:40:04.814 [Gauge] [DEBUG] Api Request Received: messageType:GetStepValueRequest  messageId:4  stepValueRequest:{stepText:"\"AlisverisiTamamlaButon\" <element> xpath'li elemente tikla"}
19-04-2023 15:40:04.814 [Gauge] [DEBUG] Sending API response: messageType:GetStepValueResponse  messageId:4  stepValueResponse:{stepValue:{stepValue:"{} {} xpath'li elemente tikla"  parameterizedStepValue:"<AlisverisiTamamlaButon> <element> xpath'li elemente tikla"  parameters:"AlisverisiTamamlaButon"  parameters:"element"}}
19-04-2023 15:40:13.844 [Gauge] [DEBUG] Concept file added / modified: C:\Users\testinium\IdeaProjects\HepsiBuradaTesting\specs\Concepts\AddToBasket.cpt
19-04-2023 15:40:13.860 [Gauge] [ERROR] Parse failure: [[ParseError] C:\Users\testinium\IdeaProjects\HepsiBuradaTesting\specs\Concepts\AddToBasket.cpt:2 Dynamic parameter <xpath> could not be resolved => '"SepeteEkleButon" <xpath> xpath'li element gorunur olana kadar bekle' [ParseError] C:\Users\testinium\IdeaProjects\HepsiBuradaTesting\specs\Concepts\AddToBasket.cpt:3 Dynamic parameter <element> could not be resolved => '"SepeteEkleButon" <element> xpath'li elemente tikla' [ParseError] C:\Users\testinium\IdeaProjects\HepsiBuradaTesting\specs\Concepts\AddToBasket.cpt:4 Dynamic parameter <xpath> could not be resolved => '"AlınmayacakUrunSepeteEkle" <xpath> xpath'li element gorunur olana kadar bekle' [ParseError] C:\Users\testinium\IdeaProjects\HepsiBuradaTesting\specs\Concepts\AddToBasket.cpt:5 Dynamic parameter <element> could not be resolved => '"AlınmayacakUrunSepeteEkle" <element> xpath'li elemente tikla' [ParseError] C:\Users\testinium\IdeaProjects\HepsiBuradaTesting\specs\Concepts\AddToBasket.cpt:6 Dynamic parameter <xpath> could not be resolved => '"SepetimButon" <xpath> xpath'li element gorunur olana kadar bekle' [ParseError] C:\Users\testinium\IdeaProjects\HepsiBuradaTesting\specs\Concepts\AddToBasket.cpt:7 Dynamic parameter <element> could not be resolved => '"SepetimButon" <element> xpath'li elemente tikla' [ParseError] C:\Users\testinium\IdeaProjects\HepsiBuradaTesting\specs\Concepts\AddToBasket.cpt:9 Dynamic parameter <xpath> could not be resolved => '"AlınmayacakUrunSepettenSilme" <xpath> xpath'li element gorunur olana kadar bekle' [ParseError] C:\Users\testinium\IdeaProjects\HepsiBuradaTesting\specs\Concepts\AddToBasket.cpt:10 Dynamic parameter <element> could not be resolved => '"AlınmayacakUrunSepettenSilme" <element> xpath'li elemente tikla' [ParseError] C:\Users\testinium\IdeaProjects\HepsiBuradaTesting\specs\Concepts\AddToBasket.cpt:12 Dynamic parameter <xpath> could not be resolved => '"AlisverisiTamamlaButon" <xpath> xpath'li element gorunur olana kadar bekle' [ParseError] C:\Users\testinium\IdeaProjects\HepsiBuradaTesting\specs\Concepts\AddToBasket.cpt:13 Dynamic parameter <element> could not be resolved => '"AlisverisiTamamlaButon" <element> xpath'li elemente tikla']
19-04-2023 15:40:13.860 [Gauge] [DEBUG] Concept file added / modified: C:\Users\testinium\IdeaProjects\HepsiBuradaTesting\specs\Concepts\AddToBasket.cpt
19-04-2023 15:40:13.861 [Gauge] [ERROR] Parse failure: [[ParseError] C:\Users\testinium\IdeaProjects\HepsiBuradaTesting\specs\Concepts\AddToBasket.cpt:2 Dynamic parameter <xpath> could not be resolved => '"SepeteEkleButon" <xpath> xpath'li element gorunur olana kadar bekle' [ParseError] C:\Users\testinium\IdeaProjects\HepsiBuradaTesting\specs\Concepts\AddToBasket.cpt:3 Dynamic parameter <element> could not be resolved => '"SepeteEkleButon" <element> xpath'li elemente tikla' [ParseError] C:\Users\testinium\IdeaProjects\HepsiBuradaTesting\specs\Concepts\AddToBasket.cpt:4 Dynamic parameter <xpath> could not be resolved => '"AlınmayacakUrunSepeteEkle" <xpath> xpath'li element gorunur olana kadar bekle' [ParseError] C:\Users\testinium\IdeaProjects\HepsiBuradaTesting\specs\Concepts\AddToBasket.cpt:5 Dynamic parameter <element> could not be resolved => '"AlınmayacakUrunSepeteEkle" <element> xpath'li elemente tikla' [ParseError] C:\Users\testinium\IdeaProjects\HepsiBuradaTesting\specs\Concepts\AddToBasket.cpt:6 Dynamic parameter <xpath> could not be resolved => '"SepetimButon" <xpath> xpath'li element gorunur olana kadar bekle' [ParseError] C:\Users\testinium\IdeaProjects\HepsiBuradaTesting\specs\Concepts\AddToBasket.cpt:7 Dynamic parameter <element> could not be resolved => '"SepetimButon" <element> xpath'li elemente tikla' [ParseError] C:\Users\testinium\IdeaProjects\HepsiBuradaTesting\specs\Concepts\AddToBasket.cpt:9 Dynamic parameter <xpath> could not be resolved => '"AlınmayacakUrunSepettenSilme" <xpath> xpath'li element gorunur olana kadar bekle' [ParseError] C:\Users\testinium\IdeaProjects\HepsiBuradaTesting\specs\Concepts\AddToBasket.cpt:10 Dynamic parameter <element> could not be resolved => '"AlınmayacakUrunSepettenSilme" <element> xpath'li elemente tikla' [ParseError] C:\Users\testinium\IdeaProjects\HepsiBuradaTesting\specs\Concepts\AddToBasket.cpt:12 Dynamic parameter <xpath> could not be resolved => '"AlisverisiTamamlaButon" <xpath> xpath'li element gorunur olana kadar bekle' [ParseError] C:\Users\testinium\IdeaProjects\HepsiBuradaTesting\specs\Concepts\AddToBasket.cpt:13 Dynamic parameter <element> could not be resolved => '"AlisverisiTamamlaButon" <element> xpath'li elemente tikla']
